<?xml version="1.0" encoding="UTF-8"?>
<testng-results ignored="0" total="0" passed="0" failed="0" skipped="0">
  <reporter-output>
  </reporter-output>
  <suite started-at="2022-02-13T16:34:45 GMT" name="Default suite" finished-at="2022-02-13T16:34:46 GMT" duration-ms="284">
    <groups>
      <group name="cucumber">
        <method signature="AbstractTestNGCucumberTests.runScenario(io.cucumber.testng.PickleWrapper,io.cucumber.testng.FeatureWrapper)[pri:0, instance:cucumberOptions.runTest@66f57048]" name="runScenario" class="io.cucumber.testng.AbstractTestNGCucumberTests"/>
      </group> <!-- cucumber -->
    </groups>
    <test started-at="2022-02-13T16:34:45 GMT" name="Default test" finished-at="2022-02-13T16:34:46 GMT" duration-ms="284">
      <class name="cucumberOptions.runTest">
        <test-method is-config="true" signature="setUpClass(org.testng.ITestContext)[pri:0, instance:cucumberOptions.runTest@66f57048]" started-at="2022-02-13T16:34:45 GMT" name="setUpClass" finished-at="2022-02-13T16:34:46 GMT" duration-ms="242" status="PASS">
          <params>
            <param index="0">
              <value>
                <![CDATA[org.testng.TestRunner@1b84f475]]>
              </value>
            </param>
          </params>
          <reporter-output>
          </reporter-output>
        </test-method> <!-- setUpClass -->
        <test-method is-config="true" signature="tearDownClass()[pri:0, instance:cucumberOptions.runTest@66f57048]" started-at="2022-02-13T16:34:46 GMT" name="tearDownClass" finished-at="2022-02-13T16:34:46 GMT" duration-ms="10" status="PASS">
          <reporter-output>
          </reporter-output>
        </test-method> <!-- tearDownClass -->
      </class> <!-- cucumberOptions.runTest -->
    </test> <!-- Default test -->
  </suite> <!-- Default suite -->
</testng-results>
